\BOOKMARK [0][-]{chapter.1}{\376\377\000Q\000u\000i\000c\000k\000s\000t\000a\000r\000t}{}% 1
\BOOKMARK [1][-]{section.1.1}{\376\377\000I\000n\000s\000t\000a\000l\000l\000i\000n\000g}{chapter.1}% 2
\BOOKMARK [1][-]{section.1.2}{\376\377\000G\000e\000t\000t\000i\000n\000g\000\040\000S\000t\000a\000r\000t\000e\000d}{chapter.1}% 3
\BOOKMARK [2][-]{subsection.1.2.1}{\376\377\000\137\000\137\000i\000n\000i\000t\000\137\000\137\000\050\000\051}{section.1.2}% 4
\BOOKMARK [2][-]{subsection.1.2.2}{\376\377\000.\000p\000a\000r\000s\000e\000\050\000\051}{section.1.2}% 5
\BOOKMARK [3][-]{subsubsection*.3}{\376\377\000b\000y\000t\000e\000s}{subsection.1.2.2}% 6
\BOOKMARK [1][-]{section.1.3}{\376\377\000M\000o\000d\000i\000f\000y}{chapter.1}% 7
\BOOKMARK [1][-]{section.1.4}{\376\377\000C\000o\000m\000p\000i\000l\000e}{chapter.1}% 8
\BOOKMARK [2][-]{subsection.1.4.1}{\376\377\000.\000r\000a\000w}{section.1.4}% 9
\BOOKMARK [2][-]{subsection.1.4.2}{\376\377\000\137\000\137\000s\000t\000r\000\137\000\137}{section.1.4}% 10
\BOOKMARK [1][-]{section.1.5}{\376\377\000M\000o\000r\000e}{chapter.1}% 11
\BOOKMARK [0][-]{chapter.2}{\376\377\000h\000t\000t\000p}{}% 12
\BOOKMARK [0][-]{chapter.3}{\376\377\000i\000n\000t\000e\000r\000f\000a\000c\000e}{}% 13
\BOOKMARK [0][-]{chapter.4}{\376\377\000r\000f\000c}{}% 14
\BOOKMARK [0][-]{chapter.5}{\376\377\000B\000a\000s\000i\000c\000\040\000U\000s\000e}{}% 15
\BOOKMARK [1][-]{section.5.1}{\376\377\000R\000e\000q\000u\000e\000s\000t}{chapter.5}% 16
\BOOKMARK [1][-]{section.5.2}{\376\377\000R\000e\000s\000p\000o\000n\000s\000e}{chapter.5}% 17
\BOOKMARK [0][-]{chapter.6}{\376\377\000A\000d\000v\000a\000n\000c\000e\000\040\000U\000s\000e}{}% 18
\BOOKMARK [1][-]{section.6.1}{\376\377\000S\000o\000c\000k\000e\000t\000s}{chapter.6}% 19
\BOOKMARK [1][-]{section.6.2}{\376\377\000M\000i\000c\000r\000o\000s\000e\000r\000v\000i\000c\000e}{chapter.6}% 20
\BOOKMARK [0][-]{chapter.7}{\376\377\000G\000l\000o\000s\000s\000a\000r\000y}{}% 21
\BOOKMARK [0][-]{chapter.8}{\376\377\000V\000e\000r\000s\000i\000o\000n\000s}{}% 22
\BOOKMARK [1][-]{section.8.1}{\376\377\000v\0001}{chapter.8}% 23
\BOOKMARK [2][-]{subsection.8.1.1}{\376\377\0001\000.\0001\000.\0000}{section.8.1}% 24
\BOOKMARK [2][-]{subsection.8.1.2}{\376\377\0001\000.\0000\000.\0006}{section.8.1}% 25
\BOOKMARK [2][-]{subsection.8.1.3}{\376\377\0001\000.\0000\000.\0005}{section.8.1}% 26
\BOOKMARK [2][-]{subsection.8.1.4}{\376\377\0001\000.\0000\000.\0004}{section.8.1}% 27
\BOOKMARK [2][-]{subsection.8.1.5}{\376\377\0001\000.\0000\000.\0003}{section.8.1}% 28
\BOOKMARK [2][-]{subsection.8.1.6}{\376\377\0001\000.\0000\000.\0002}{section.8.1}% 29
\BOOKMARK [2][-]{subsection.8.1.7}{\376\377\0001\000.\0000\000.\0001}{section.8.1}% 30
\BOOKMARK [2][-]{subsection.8.1.8}{\376\377\0001\000.\0000\000.\0000}{section.8.1}% 31
\BOOKMARK [0][-]{chapter.9}{\376\377\000L\000i\000c\000e\000n\000s\000e}{}% 32
\BOOKMARK [0][-]{section*.41}{\376\377\000P\000y\000t\000h\000o\000n\000\040\000M\000o\000d\000u\000l\000e\000\040\000I\000n\000d\000e\000x}{}% 33
\BOOKMARK [0][-]{section*.42}{\376\377\000I\000n\000d\000e\000x}{}% 34
